   ____________________ Submit
   [1]Domestic[2]International[3]Worldwide[4]Calendar[5]All Time[6]Showdowns[7]Indices
   [8]Daily[9]

Weekend

   [10]Weekly[11]Monthly[12]Quarterly[13]Yearly[14]Seasons[15]Holidays

Domestic 2020 Weekend 40

October 2-4, 2020

   [Weekend Chart____]
   [16]« Week[17]« Year
   [18]Week »

Key:New This WeekEstimated

   [19]Rank [20]LW Release [21]Gross [22]%± LW [23]Theaters [24]Change [25]Average [26]Total Gross [27]Weeks Distributor New This Week Estimated
   1 - [28]Tenet $2,700,000 -20.6% 2,722 -128 $991 $45,100,000 5 [29]Warner Bros. false true
   2 - [30]Hocus Pocus
   2020 Re-release
   $1,925,000 - 2,570 - $749 $1,925,000 1 [31]Walt Disney Studios Motion Pictures true true
   3 2 [32]The New Mutants $1,042,158 -11.1% 2,154 -151 $483 $20,956,219 6 [33]20th Century Studios false false
   4 3 [34]Unhinged $847,378 -12.5% 2,023 -159 $418 $18,380,032 8 [35]Solstice Studios false false
   5 5 [36]Infidel $460,450 -39.5% 1,792 -93 $256 $3,432,415 3 [37]Cloudburst Entertainment false false
   6 - [38]Star Wars: Episode V - The Empire Strikes Back
   2020 Re-release
   $335,000 -63.1% 1,675 -422 $200 $2,258,000 13 [39]Walt Disney Studios Motion Pictures false true
   7 6 [40]The Broken Hearts Gallery $276,336 -44.9% 2,100 -41 $131 $3,734,737 4 [41]TriStar Pictures false false
   8 - [42]Possessor Uncut $252,664 - 320 - $789 $252,664 1 [43]Neon true false
   9 7 [44]Shortcut $212,220 -24% 655 -70 $324 $655,195 2 [45]Gravitas Ventures false false
   10 - [46]Save Yourselves! $142,694 - 388 - $367 $142,694 1 [47]Bleecker Street Media true false
   11 8 [48]The Last Shift $141,061 -42.8% 886 +15 $159 $505,398 2 [49]Stage 6 Films false false
   12 - [50]The Call $138,237 - 195 - $708 $138,237 1 [51]Atlas Distribution Company true false
   13 10 [52]Ava $116,690 -31.5% 252 +30 $463 $336,060 2 [53]Vertical Entertainment false false
   14 9 [54]Kajillionaire $104,965 -51.3% 547 +18 $191 $409,405 2 [55]Focus Features false false
   15 11 [56]The SpongeBob Movie: Sponge on the Run $102,027 -28.3% 215 -35 $474 $4,572,943 8 [57]Paramount Pictures false false
   16 12 [58]Alone $55,438 -50.4% 128 -44 $433 $408,379 3 [59]Magnolia Pictures false false
   17 13 [60]Words on Bathroom Walls $55,121 -30.9% 314 -173 $175 $2,443,386 7 [61]Roadside Attractions false false
   18 - [62]Heaven $49,130 - 242 - $203 $49,130 1 [63]LAMA Distribution true false
   19 18 [64]Train to Busan Presents: Peninsula $43,715 +5% 74 -10 $590 $1,169,697 9 [65]Well Go USA Entertainment false false
   20 - [66]A Call to Spy $35,098 - 75 - $467 $35,098 1 [67]IFC Films true false
   21 15 [68]The Personal History of David Copperfield $32,610 -43.1% 285 -227 $114 $1,843,780 6 [69]Fox Searchlight Pictures false false
   22 14 [70]Bill & Ted Face the Music $30,387 -59% 207 -146 $146 $3,335,798 6 [71]United Artists Releasing false false
   23 23 [72]Cut Throat City $24,071 +3.6% 48 -9 $501 $816,188 7 [73]Well Go USA Entertainment false false
   24 19 [74]Tulsa $22,711 -36.2% 120 -34 $189 $380,456 7 [75]Pryor Entertainment false false
   25 22 [76]No Escape $11,905 -55.4% 50 +11 $238 $146,030 3 [77]Vertical Entertainment false false
   26 24 [78]She Dies Tomorrow $9,560 -37.9% 1 -1 $9,560 $341,356 10 [79]Neon false false
   27 17 [80]The Secrets We Keep $5,748 -86.5% 449 - $12 $204,459 3 [81]Bleecker Street Media false false
   28 21 [82]The Nest $3,977 -85.8% 53 -246 $75 $133,330 3 [83]IFC Films false false
   29 27 [84]Draupadi Unleashed $2,570 -64.1% 12 -3 $214 $10,681 2 [85]Passion River Films false false
   30 - [86]12 Hour Shift $2,532 - 12 - $211 $2,532 1 [87]Magnolia Pictures true false
   31 28 [88]My Brothers' Crossing $2,035 -40% 9 -6 $226 $57,746 5 [89]Atlas Distribution Company false false
   32 - [90]Tar $1,469 - 2 - $734 $1,469 1 [91]Howling Wolf Productions true false
   33 29 [92]The Rental $871 -73.5% 7 -6 $124 $1,635,175 11 [93]IFC Films false false
   34 30 [94]Lie Exposed $645 -78.2% 1 -1 $645 $4,546 2 [95]Indican Pictures false false
   35 - [96]Neither Wolf Nor Dog $324 - 1 - $324 $606,383 194 - false false
   36 34 [97]The Transcendents $194 -42.3% 1 - $194 $1,953 15 [98]Indican Pictures false false
   37 33 [99]Find Your Voice $166 -66.9% 1 - $166 $3,897 4 [100]Indican Pictures false false
   38 35 [101]Made in Italy $155 -1.3% 1 - $155 $101,145 9 [102]IFC Films false false
   39 32 [103]Dreaming Grand Avenue $129 -85.3% 2 - $64 $6,688 2 [104]Newcity false false
   40 31 [105]Ottolenghi and the Cakes of Versailles $128 -93.5% 2 -24 $64 $2,985 2 [106]IFC Films false false
   41 25 [107]Foster Boy $79 -99.2% 1 -14 $79 $19,863 3 [108]Gravitas Ventures false false
   42 36 [109]Tesla $68 -55% 1 -1 $68 $92,344 7 [110]IFC Films false false

   Latest Updates: [111]News | [112]Daily | [113]Weekend | [114]All Time | [115]International | [116]Showdowns

   [117]Help

   BoxOfficeMojo.com by IMDbPro - an [118]IMDb company.

   © IMDb.com, Inc. or its affiliates. All rights reserved. Box Office Mojo and IMDb are trademarks or registered trademarks of IMDb.com, Inc. or its affiliates. [119]Conditions of Use and [120]Privacy Policy under which this service is provided to you.

References

   Visible links:
   1. https://www.boxofficemojo.com/date/?ref_=bo_nb_we_tab
   2. https://www.boxofficemojo.com/intl/?ref_=bo_nb_we_tab
   3. https://www.boxofficemojo.com/year/world/?ref_=bo_nb_we_tab
   4. https://www.boxofficemojo.com/calendar/?ref_=bo_nb_we_tab
   5. https://www.boxofficemojo.com/charts/overall/?ref_=bo_nb_we_tab
   6. https://www.boxofficemojo.com/showdown/?ref_=bo_nb_we_tab
   7. https://www.boxofficemojo.com/brand/?ref_=bo_nb_we_tab
   8. https://www.boxofficemojo.com/date/?ref_=bo_nb_we_secondarytab
   9. https://www.boxofficemojo.com/weekend/?ref_=bo_nb_we_secondarytab
  10. https://www.boxofficemojo.com/weekly/?ref_=bo_nb_we_secondarytab
  11. https://www.boxofficemojo.com/month/?ref_=bo_nb_we_secondarytab
  12. https://www.boxofficemojo.com/quarter/?ref_=bo_nb_we_secondarytab
  13. https://www.boxofficemojo.com/year/?ref_=bo_nb_we_secondarytab
  14. https://www.boxofficemojo.com/season/?ref_=bo_nb_we_secondarytab
  15. https://www.boxofficemojo.com/holiday/?ref_=bo_nb_we_secondarytab
  16. https://www.boxofficemojo.com/weekend/2020W39/?ref_=bo_we_nav
  17. https://www.boxofficemojo.com/weekend/2019W40/?ref_=bo_we_nav
  18. https://www.boxofficemojo.com/weekend/2020W41/?ref_=bo_we_nav
  19. https://www.boxofficemojo.com/weekend/2020W40/?sort=rank&ref_=bo_we__resort#table
  20. https://www.boxofficemojo.com/weekend/2020W40/?sort=rankLastWeek&ref_=bo_we__resort#table
  21. https://www.boxofficemojo.com/weekend/2020W40/?sort=gross&ref_=bo_we__resort#table
  22. https://www.boxofficemojo.com/weekend/2020W40/?sort=grossLastWeekDelta&ref_=bo_we__resort#table
  23. https://www.boxofficemojo.com/weekend/2020W40/?sort=numTheaters&ref_=bo_we__resort#table
  24. https://www.boxofficemojo.com/weekend/2020W40/?sort=numTheatersDelta&ref_=bo_we__resort#table
  25. https://www.boxofficemojo.com/weekend/2020W40/?sort=perTheaterAverageGross&ref_=bo_we__resort#table
  26. https://www.boxofficemojo.com/weekend/2020W40/?sort=totalGross&ref_=bo_we__resort#table
  27. https://www.boxofficemojo.com/weekend/2020W40/?sort=numWeeksInRelease&ref_=bo_we__resort#table
  28. https://www.boxofficemojo.com/release/rl1442940417/?ref_=bo_we_table_1
  29. https://pro.imdb.com/company/co0002663/boxoffice/?view=releases&ref_=mojo_we_table_1&rf=mojo_we_table_1
  30. https://www.boxofficemojo.com/release/rl1331004161/?ref_=bo_we_table_2
  31. https://pro.imdb.com/company/co0226183/boxoffice/?view=releases&ref_=mojo_we_table_2&rf=mojo_we_table_2
  32. https://www.boxofficemojo.com/release/rl1098876417/?ref_=bo_we_table_3
  33. https://pro.imdb.com/company/co0781821/boxoffice/?view=releases&ref_=mojo_we_table_3&rf=mojo_we_table_3
  34. https://www.boxofficemojo.com/release/rl2141815297/?ref_=bo_we_table_4
  35. https://pro.imdb.com/company/co0716530/boxoffice/?view=releases&ref_=mojo_we_table_4&rf=mojo_we_table_4
  36. https://www.boxofficemojo.com/release/rl314475009/?ref_=bo_we_table_5
  37. https://pro.imdb.com/company/co0792374/boxoffice/?view=releases&ref_=mojo_we_table_5&rf=mojo_we_table_5
  38. https://www.boxofficemojo.com/release/rl172327681/?ref_=bo_we_table_6
  39. https://pro.imdb.com/company/co0226183/boxoffice/?view=releases&ref_=mojo_we_table_6&rf=mojo_we_table_6
  40. https://www.boxofficemojo.com/release/rl742425345/?ref_=bo_we_table_7
  41. https://pro.imdb.com/company/co0005883/boxoffice/?view=releases&ref_=mojo_we_table_7&rf=mojo_we_table_7
  42. https://www.boxofficemojo.com/release/rl3192554241/?ref_=bo_we_table_8
  43. https://pro.imdb.com/company/co0623930/boxoffice/?view=releases&ref_=mojo_we_table_8&rf=mojo_we_table_8
  44. https://www.boxofficemojo.com/release/rl1833927425/?ref_=bo_we_table_9
  45. https://pro.imdb.com/company/co0220024/boxoffice/?view=releases&ref_=mojo_we_table_9&rf=mojo_we_table_9
  46. https://www.boxofficemojo.com/release/rl1195475713/?ref_=bo_we_table_10
  47. https://pro.imdb.com/company/co0494731/boxoffice/?view=releases&ref_=mojo_we_table_10&rf=mojo_we_table_10
  48. https://www.boxofficemojo.com/release/rl106070785/?ref_=bo_we_table_11
  49. https://pro.imdb.com/company/co0222021/boxoffice/?view=releases&ref_=mojo_we_table_11&rf=mojo_we_table_11
  50. https://www.boxofficemojo.com/release/rl2874508033/?ref_=bo_we_table_12
  51. https://pro.imdb.com/company/co0390285/boxoffice/?view=releases&ref_=mojo_we_table_12&rf=mojo_we_table_12
  52. https://www.boxofficemojo.com/release/rl1649509121/?ref_=bo_we_table_13
  53. https://pro.imdb.com/company/co0427244/boxoffice/?view=releases&ref_=mojo_we_table_13&rf=mojo_we_table_13
  54. https://www.boxofficemojo.com/release/rl1639809537/?ref_=bo_we_table_14
  55. https://pro.imdb.com/company/co0042399/boxoffice/?view=releases&ref_=mojo_we_table_14&rf=mojo_we_table_14
  56. https://www.boxofficemojo.com/release/rl2558297601/?ref_=bo_we_table_15
  57. https://pro.imdb.com/company/co0023400/boxoffice/?view=releases&ref_=mojo_we_table_15&rf=mojo_we_table_15
  58. https://www.boxofficemojo.com/release/rl1565754113/?ref_=bo_we_table_16
  59. https://pro.imdb.com/company/co0134717/boxoffice/?view=releases&ref_=mojo_we_table_16&rf=mojo_we_table_16
  60. https://www.boxofficemojo.com/release/rl2437120769/?ref_=bo_we_table_17
  61. https://pro.imdb.com/company/co0017716/boxoffice/?view=releases&ref_=mojo_we_table_17&rf=mojo_we_table_17
  62. https://www.boxofficemojo.com/release/rl3075703553/?ref_=bo_we_table_18
  63. https://pro.imdb.com/company/co0820764/boxoffice/?view=releases&ref_=mojo_we_table_18&rf=mojo_we_table_18
  64. https://www.boxofficemojo.com/release/rl2722267905/?ref_=bo_we_table_19
  65. https://pro.imdb.com/company/co0227523/boxoffice/?view=releases&ref_=mojo_we_table_19&rf=mojo_we_table_19
  66. https://www.boxofficemojo.com/release/rl3796140801/?ref_=bo_we_table_20
  67. https://pro.imdb.com/company/co0015762/boxoffice/?view=releases&ref_=mojo_we_table_20&rf=mojo_we_table_20
  68. https://www.boxofficemojo.com/release/rl413237761/?ref_=bo_we_table_21
  69. https://pro.imdb.com/company/co0028932/boxoffice/?view=releases&ref_=mojo_we_table_21&rf=mojo_we_table_21
  70. https://www.boxofficemojo.com/release/rl3926492673/?ref_=bo_we_table_22
  71. https://pro.imdb.com/company/co0733129/boxoffice/?view=releases&ref_=mojo_we_table_22&rf=mojo_we_table_22
  72. https://www.boxofficemojo.com/release/rl2243396097/?ref_=bo_we_table_23
  73. https://pro.imdb.com/company/co0227523/boxoffice/?view=releases&ref_=mojo_we_table_23&rf=mojo_we_table_23
  74. https://www.boxofficemojo.com/release/rl4216161025/?ref_=bo_we_table_24
  75. https://pro.imdb.com/company/co0771324/boxoffice/?view=releases&ref_=mojo_we_table_24&rf=mojo_we_table_24
  76. https://www.boxofficemojo.com/release/rl1632731905/?ref_=bo_we_table_25
  77. https://pro.imdb.com/company/co0427244/boxoffice/?view=releases&ref_=mojo_we_table_25&rf=mojo_we_table_25
  78. https://www.boxofficemojo.com/release/rl2470609665/?ref_=bo_we_table_26
  79. https://pro.imdb.com/company/co0623930/boxoffice/?view=releases&ref_=mojo_we_table_26&rf=mojo_we_table_26
  80. https://www.boxofficemojo.com/release/rl289571585/?ref_=bo_we_table_27
  81. https://pro.imdb.com/company/co0494731/boxoffice/?view=releases&ref_=mojo_we_table_27&rf=mojo_we_table_27
  82. https://www.boxofficemojo.com/release/rl1497465601/?ref_=bo_we_table_28
  83. https://pro.imdb.com/company/co0015762/boxoffice/?view=releases&ref_=mojo_we_table_28&rf=mojo_we_table_28
  84. https://www.boxofficemojo.com/release/rl2136113921/?ref_=bo_we_table_29
  85. https://pro.imdb.com/company/co0195144/boxoffice/?view=releases&ref_=mojo_we_table_29&rf=mojo_we_table_29
  86. https://www.boxofficemojo.com/release/rl2304082689/?ref_=bo_we_table_30
  87. https://pro.imdb.com/company/co0134717/boxoffice/?view=releases&ref_=mojo_we_table_30&rf=mojo_we_table_30
  88. https://www.boxofficemojo.com/release/rl306283265/?ref_=bo_we_table_31
  89. https://pro.imdb.com/company/co0390285/boxoffice/?view=releases&ref_=mojo_we_table_31&rf=mojo_we_table_31
  90. https://www.boxofficemojo.com/release/rl626164481/?ref_=bo_we_table_32
  91. https://pro.imdb.com/company/co0389689/boxoffice/?view=releases&ref_=mojo_we_table_32&rf=mojo_we_table_32
  92. https://www.boxofficemojo.com/release/rl1857978881/?ref_=bo_we_table_33
  93. https://pro.imdb.com/company/co0015762/boxoffice/?view=releases&ref_=mojo_we_table_33&rf=mojo_we_table_33
  94. https://www.boxofficemojo.com/release/rl4266492673/?ref_=bo_we_table_34
  95. https://pro.imdb.com/company/co0034057/boxoffice/?view=releases&ref_=mojo_we_table_34&rf=mojo_we_table_34
  96. https://www.boxofficemojo.com/release/rl1074497025/?ref_=bo_we_table_35
  97. https://www.boxofficemojo.com/release/rl2671870721/?ref_=bo_we_table_36
  98. https://pro.imdb.com/company/co0034057/boxoffice/?view=releases&ref_=mojo_we_table_36&rf=mojo_we_table_36
  99. https://www.boxofficemojo.com/release/rl1078625025/?ref_=bo_we_table_37
 100. https://pro.imdb.com/company/co0034057/boxoffice/?view=releases&ref_=mojo_we_table_37&rf=mojo_we_table_37
 101. https://www.boxofficemojo.com/release/rl2101445377/?ref_=bo_we_table_38
 102. https://pro.imdb.com/company/co0015762/boxoffice/?view=releases&ref_=mojo_we_table_38&rf=mojo_we_table_38
 103. https://www.boxofficemojo.com/release/rl1918010113/?ref_=bo_we_table_39
 104. https://pro.imdb.com/company/co0666560/boxoffice/?view=releases&ref_=mojo_we_table_39&rf=mojo_we_table_39
 105. https://www.boxofficemojo.com/release/rl3628368641/?ref_=bo_we_table_40
 106. https://pro.imdb.com/company/co0015762/boxoffice/?view=releases&ref_=mojo_we_table_40&rf=mojo_we_table_40
 107. https://www.boxofficemojo.com/release/rl441680641/?ref_=bo_we_table_41
 108. https://pro.imdb.com/company/co0220024/boxoffice/?view=releases&ref_=mojo_we_table_41&rf=mojo_we_table_41
 109. https://www.boxofficemojo.com/release/rl205619969/?ref_=bo_we_table_42
 110. https://pro.imdb.com/company/co0015762/boxoffice/?view=releases&ref_=mojo_we_table_42&rf=mojo_we_table_42
 111. https://www.boxofficemojo.com/news/?ref_=bo_ft_we_news
 112. https://www.boxofficemojo.com/daily/?ref_=bo_ft_we_daily
 113. https://www.boxofficemojo.com/weekend/?ref_=bo_ft_we_weekend
 114. https://www.boxofficemojo.com/charts/?ref_=bo_ft_we_charts
 115. https://www.boxofficemojo.com/intl/?ref_=bo_ft_we_intl
 116. https://www.boxofficemojo.com/showdown/?ref_=bo_ft_we_showdown
 117. https://help.imdb.com/article/imdbpro/industry-research/box-office-mojo-by-imdbpro-faq/GCWTV4MQKGWRAUAP?ref_=mojo_ftr_help
 118. http://www.imdb.com/
 119. https://www.boxofficemojo.com/conditions/?ref_=bo_ft_we_conditions
 120. https://www.boxofficemojo.com/privacy/?ref_=bo_ft_we_privacy

   Hidden links:
 122. https://www.boxofficemojo.com/?ref_=bo_nb_we_mojologo
 123. javascript:void(0)
 124. https://pro.imdb.com/login/ap?u=%2Flogin%2Flwa&imdbPageAction=signUp&ref_=mojo_nb_we_rollover&rf=mojo_nb_we_rollover
 125. javascript:void(0)
 126. https://www.facebook.com/BoxOfficeMojo/
 127. https://twitter.com/boxofficemojo
 128. https://pro.imdb.com/?ref_=mojo_ft_we_prologo&rf=mojo_ft_we_prologo
